<?xml version="1.0" encoding="UTF-8"?>
<!-- Generated by org.testng.reporters.JUnitReportReporter -->
<testsuite hostname="LAPTOP_DELL" failures="0" tests="3" name="rahulShettyAcademy.tests.SubmitOrder" time="68.297" errors="0" timestamp="2024-03-12T19:12:10 EDT" skipped="0">
  <testcase classname="rahulShettyAcademy.tests.SubmitOrder" name="submitOrder" time="29.326"/>
  <testcase classname="rahulShettyAcademy.tests.SubmitOrder" name="submitOrder" time="32.706"/>
  <testcase classname="rahulShettyAcademy.tests.SubmitOrder" name="verifyOrder" time="6.265"/>
</testsuite> <!-- rahulShettyAcademy.tests.SubmitOrder -->
