<?xml version="1.0" encoding="UTF-8"?>
<!-- Generated by org.testng.reporters.JUnitReportReporter -->
<testsuite hostname="LAPTOP_DELL" failures="0" tests="2" name="rahulShettyAcademy.tests.ErrorValidation" time="30.845" errors="0" timestamp="2024-01-24T00:27:04 EST" skipped="0">
  <testcase classname="rahulShettyAcademy.tests.ErrorValidation" name="cartProductValidation" time="24.035"/>
  <testcase classname="rahulShettyAcademy.tests.ErrorValidation" name="loginWithInvalidData" time="6.810"/>
</testsuite> <!-- rahulShettyAcademy.tests.ErrorValidation -->
