<?xml version="1.0" encoding="UTF-8"?>
<!-- Generated by org.testng.reporters.JUnitReportReporter -->
<testsuite hostname="LAPTOP_DELL" failures="0" tests="3" name="rahulShettyAcademy.tests.SubmitOrder" time="60.194" errors="0" timestamp="2024-01-24T00:27:04 EST" skipped="0">
  <testcase classname="rahulShettyAcademy.tests.SubmitOrder" name="submitOrder" time="28.555"/>
  <testcase classname="rahulShettyAcademy.tests.SubmitOrder" name="submitOrder" time="25.179"/>
  <testcase classname="rahulShettyAcademy.tests.SubmitOrder" name="verifyOrder" time="6.460"/>
</testsuite> <!-- rahulShettyAcademy.tests.SubmitOrder -->
