<?xml version="1.0" encoding="UTF-8"?>
<!-- Generated by org.testng.reporters.JUnitReportReporter -->
<testsuite hostname="LAPTOP_DELL" failures="0" tests="1" name="cucumber.TestNgTestRunner" time="9.210" errors="0" timestamp="2024-01-29T22:42:46 EST" skipped="0">
  <testcase classname="cucumber.TestNgTestRunner" name="runScenario" time="9.210"/>
</testsuite> <!-- cucumber.TestNgTestRunner -->
